<?xml version="1.0" encoding="UTF-8"?>
<!-- Generated by org.testng.reporters.JUnitReportReporter -->
<testsuite hostname="DESKTOP-7AKMRUB" failures="0" tests="4" name="api.test.UserTest" time="6.161" errors="0" timestamp="2023-06-28T12:59:26 IST" skipped="0">
  <testcase classname="api.test.UserTest" name="testPostUser" time="1.185"/>
  <testcase classname="api.test.UserTest" name="testGetUserByName" time="1.230"/>
  <testcase classname="api.test.UserTest" name="testUpdateUser" time="2.496"/>
  <testcase classname="api.test.UserTest" name="testDeleteUserByName" time="1.250"/>
</testsuite> <!-- api.test.UserTest -->
