<?xml version="1.0" encoding="UTF-8"?>
<!-- Generated by org.testng.reporters.JUnitReportReporter -->
<testsuite hostname="DESKTOP-7AKMRUB" failures="0" tests="4" name="api.test.UserTest_From_PropertiesFiles" time="5.794" errors="0" timestamp="2023-06-28T12:59:26 IST" skipped="0">
  <testcase classname="api.test.UserTest_From_PropertiesFiles" name="testPostUser" time="1.261"/>
  <testcase classname="api.test.UserTest_From_PropertiesFiles" name="testGetUserByName" time="1.236"/>
  <testcase classname="api.test.UserTest_From_PropertiesFiles" name="testUpdateUser" time="2.178"/>
  <testcase classname="api.test.UserTest_From_PropertiesFiles" name="testDeleteUserByName" time="1.119"/>
</testsuite> <!-- api.test.UserTest_From_PropertiesFiles -->
