<?xml version="1.0" encoding="UTF-8"?>
<!-- Generated by org.testng.reporters.JUnitReportReporter -->
<testsuite hostname="DESKTOP-7AKMRUB" failures="0" tests="8" name="api.test.DataDrivenTest" time="11.028" errors="0" timestamp="2023-06-28T12:59:26 IST" skipped="0">
  <testcase classname="api.test.DataDrivenTest" name="testPostUser" time="1.163"/>
  <testcase classname="api.test.DataDrivenTest" name="testPostUser" time="1.168"/>
  <testcase classname="api.test.DataDrivenTest" name="testPostUser" time="1.145"/>
  <testcase classname="api.test.DataDrivenTest" name="testPostUser" time="2.921"/>
  <testcase classname="api.test.DataDrivenTest" name="testDeleteUserByName" time="1.240"/>
  <testcase classname="api.test.DataDrivenTest" name="testDeleteUserByName" time="1.074"/>
  <testcase classname="api.test.DataDrivenTest" name="testDeleteUserByName" time="1.216"/>
  <testcase classname="api.test.DataDrivenTest" name="testDeleteUserByName" time="1.101"/>
</testsuite> <!-- api.test.DataDrivenTest -->
