<?xml version="1.0" encoding="UTF-8"?>
<!-- Generated by org.testng.reporters.JUnitReportReporter -->
<testsuite hostname="DESKTOP-7AKMRUB" failures="0" tests="8" name="api.test.DataDrivenTest" time="11.381" errors="0" timestamp="2023-06-28T14:04:03 IST" skipped="0">
  <testcase classname="api.test.DataDrivenTest" name="testPostUser" time="3.336"/>
  <testcase classname="api.test.DataDrivenTest" name="testPostUser" time="1.174"/>
  <testcase classname="api.test.DataDrivenTest" name="testPostUser" time="1.097"/>
  <testcase classname="api.test.DataDrivenTest" name="testPostUser" time="1.216"/>
  <testcase classname="api.test.DataDrivenTest" name="testDeleteUserByName" time="1.209"/>
  <testcase classname="api.test.DataDrivenTest" name="testDeleteUserByName" time="1.138"/>
  <testcase classname="api.test.DataDrivenTest" name="testDeleteUserByName" time="1.084"/>
  <testcase classname="api.test.DataDrivenTest" name="testDeleteUserByName" time="1.127"/>
</testsuite> <!-- api.test.DataDrivenTest -->
