<?xml version="1.0" encoding="UTF-8"?>
<!-- Generated by org.testng.reporters.JUnitReportReporter -->
<testsuite hostname="DESKTOP-7AKMRUB" failures="0" tests="8" name="api.test.DataDrivenTest" time="10.478" errors="0" timestamp="2023-06-29T09:54:20 IST" skipped="0">
  <testcase classname="api.test.DataDrivenTest" name="testPostUser" time="2.758"/>
  <testcase classname="api.test.DataDrivenTest" name="testPostUser" time="1.205"/>
  <testcase classname="api.test.DataDrivenTest" name="testPostUser" time="1.068"/>
  <testcase classname="api.test.DataDrivenTest" name="testPostUser" time="1.086"/>
  <testcase classname="api.test.DataDrivenTest" name="testDeleteUserByName" time="1.039"/>
  <testcase classname="api.test.DataDrivenTest" name="testDeleteUserByName" time="1.085"/>
  <testcase classname="api.test.DataDrivenTest" name="testDeleteUserByName" time="1.087"/>
  <testcase classname="api.test.DataDrivenTest" name="testDeleteUserByName" time="1.150"/>
</testsuite> <!-- api.test.DataDrivenTest -->
