<?xml version="1.0" encoding="UTF-8"?>
<!-- Generated by org.testng.reporters.JUnitReportReporter -->
<testsuite hostname="DESKTOP-7AKMRUB" failures="0" tests="4" name="api.test.UserTest" time="5.689" errors="0" timestamp="2023-06-29T09:54:20 IST" skipped="0">
  <testcase classname="api.test.UserTest" name="testPostUser" time="1.125"/>
  <testcase classname="api.test.UserTest" name="testGetUserByName" time="1.062"/>
  <testcase classname="api.test.UserTest" name="testUpdateUser" time="2.370"/>
  <testcase classname="api.test.UserTest" name="testDeleteUserByName" time="1.132"/>
</testsuite> <!-- api.test.UserTest -->
